#
# There is insufficient memory for the Java Runtime Environment to continue.
# Native memory allocation (malloc) failed to allocate 65011712 bytes for committing reserved memory.
# Possible reasons:
#   The system is out of physical RAM or swap space
#   In 32 bit mode, the process size limit was hit
# Possible solutions:
#   Reduce memory load on the system
#   Increase physical memory or swap space
#   Check if swap backing store is full
#   Use 64 bit Java on a 64 bit OS
#   Decrease Java heap size (-Xmx/-Xms)
#   Decrease number of Java threads
#   Decrease Java thread stack sizes (-Xss)
#   Set larger code cache with -XX:ReservedCodeCacheSize=
# This output file may be truncated or incomplete.
#
#  Out of Memory Error (os_linux.cpp:2827), pid=11389, tid=140149696620288
#
# JRE version: OpenJDK Runtime Environment (7.0_95) (build 1.7.0_95-b00)
# Java VM: OpenJDK 64-Bit Server VM (24.95-b01 mixed mode linux-amd64 compressed oops)
# Derivative: IcedTea 2.6.4
# Distribution: Ubuntu Xenial Xerus (development branch), package 7u95-2.6.4-3
# Failed to write core dump. Core dumps have been disabled. To enable core dumping, try "ulimit -c unlimited" before starting Java again
#

---------------  T H R E A D  ---------------

Current thread (0x00007f7738077800):  VMThread [stack: 0x00007f7724d1e000,0x00007f7724e1f000] [id=11409]

Stack: [0x00007f7724d1e000,0x00007f7724e1f000],  sp=0x00007f7724e1d4f0,  free space=1021k
Native frames: (J=compiled Java code, j=interpreted, Vv=VM code, C=native code)
V  [libjvm.so+0x9937b3]
V  [libjvm.so+0x48a37f]
V  [libjvm.so+0x80060b]
V  [libjvm.so+0x7fa9fe]
V  [libjvm.so+0x870e66]
V  [libjvm.so+0x8727c3]
V  [libjvm.so+0x86ea28]
V  [libjvm.so+0x86ed0c]
V  [libjvm.so+0x823fa3]
V  [libjvm.so+0x995252]
V  [libjvm.so+0x999f97]
V  [libjvm.so+0x997828]
V  [libjvm.so+0x998b9f]
V  [libjvm.so+0x999091]
V  [libjvm.so+0x7fd532]

VM_Operation (0x00007f773f5c2300): ParallelGCFailedAllocation, mode: safepoint, requested by thread 0x00007f773800c000


---------------  P R O C E S S  ---------------

Java Threads: ( => current thread )
  0x00007f77380b2800 JavaThread "Service Thread" daemon [_thread_blocked, id=11415, stack(0x00007f77242bc000,0x00007f77243bd000)]
  0x00007f77380b0000 JavaThread "C2 CompilerThread1" daemon [_thread_blocked, id=11414, stack(0x00007f77243bd000,0x00007f77244be000)]
  0x00007f77380ad000 JavaThread "C2 CompilerThread0" daemon [_thread_blocked, id=11413, stack(0x00007f77244be000,0x00007f77245bf000)]
  0x00007f77380ab000 JavaThread "Signal Dispatcher" daemon [_thread_blocked, id=11412, stack(0x00007f77245bf000,0x00007f77246c0000)]
  0x00007f773807e000 JavaThread "Finalizer" daemon [_thread_blocked, id=11411, stack(0x00007f7724b1c000,0x00007f7724c1d000)]
  0x00007f773807c000 JavaThread "Reference Handler" daemon [_thread_blocked, id=11410, stack(0x00007f7724c1d000,0x00007f7724d1e000)]
  0x00007f773800c000 JavaThread "main" [_thread_blocked, id=11395, stack(0x00007f773f4c3000,0x00007f773f5c4000)]

Other Threads:
=>0x00007f7738077800 VMThread [stack: 0x00007f7724d1e000,0x00007f7724e1f000] [id=11409]
  0x00007f77380b5000 WatcherThread [stack: 0x00007f77241bb000,0x00007f77242bc000] [id=11416]

VM state:at safepoint (normal execution)

VM Mutex/Monitor currently owned by a thread:  ([mutex/lock_event])
[0x00007f7738008580] Threads_lock - owner thread: 0x00007f7738077800
[0x00007f7738008a80] Heap_lock - owner thread: 0x00007f773800c000

Heap
 PSYoungGen      total 68608K, used 5116K [0x00000000eaa80000, 0x00000000ef280000, 0x0000000100000000)
  eden space 63488K, 0% used [0x00000000eaa80000,0x00000000eaa80000,0x00000000ee880000)
  from space 5120K, 99% used [0x00000000ee880000,0x00000000eed7f000,0x00000000eed80000)
  to   space 5120K, 0% used [0x00000000eed80000,0x00000000eed80000,0x00000000ef280000)
 ParOldGen       total 83968K, used 11966K [0x00000000c0000000, 0x00000000c5200000, 0x00000000eaa80000)
  object space 83968K, 14% used [0x00000000c0000000,0x00000000c0baf9f0,0x00000000c5200000)
 PSPermGen       total 21504K, used 4704K [0x00000000b5a00000, 0x00000000b6f00000, 0x00000000c0000000)
  object space 21504K, 21% used [0x00000000b5a00000,0x00000000b5e980c0,0x00000000b6f00000)

Card table byte_map: [0x00007f7734dac000,0x00007f7735000000] byte_map_base: 0x00007f77347ff000

Polling page: 0x00007f773f5f1000

Code Cache  [0x00007f7735000000, 0x00007f7735270000, 0x00007f7738000000)
 total_blobs=569 nmethods=349 adapters=173 free_code_cache=48099Kb largest_free_block=49179840

Compilation events (10 events):
Event: 108,107 Thread 0x00007f77380ad000 nmethod 363 0x00007f7735107090 code [0x00007f77351071c0, 0x00007f7735107218]
Event: 108,139 Thread 0x00007f77380ad000  364             com.android.dex.Dex::readCode (28 bytes)
Event: 108,302 Thread 0x00007f77380b0000 nmethod 356 0x00007f7735114150 code [0x00007f77351144e0, 0x00007f7735115d18]
Event: 108,302 Thread 0x00007f77380ad000 nmethod 364 0x00007f7735111b90 code [0x00007f7735111e00, 0x00007f7735112b30]
Event: 108,314 Thread 0x00007f77380b0000  366             com.android.dex.Dex$Section::readCode (136 bytes)
Event: 108,314 Thread 0x00007f77380ad000  365             com.android.dex.Dex$Section::access$900 (5 bytes)
Event: 108,831 Thread 0x00007f77380b0000 nmethod 366 0x00007f77350b0ad0 code [0x00007f77350b0d20, 0x00007f77350b19c0]
Event: 108,904 Thread 0x00007f77380ad000 nmethod 365 0x00007f773510d590 code [0x00007f773510d7e0, 0x00007f773510e4a0]
Event: 108,951 Thread 0x00007f77380b0000  367             com.android.dex.Code::<init> (44 bytes)
Event: 108,982 Thread 0x00007f77380ad000  368             com.android.dx.merge.DexMerger::transformCode (234 bytes)

GC Heap History (5 events):
Event: 42,839 GC heap before
{Heap before GC invocations=1 (full 0):
 PSYoungGen      total 36864K, used 31744K [0x00000000eaa80000, 0x00000000ed380000, 0x0000000100000000)
  eden space 31744K, 100% used [0x00000000eaa80000,0x00000000ec980000,0x00000000ec980000)
  from space 5120K, 0% used [0x00000000ece80000,0x00000000ece80000,0x00000000ed380000)
  to   space 5120K, 0% used [0x00000000ec980000,0x00000000ec980000,0x00000000ece80000)
 ParOldGen       total 83968K, used 0K [0x00000000c0000000, 0x00000000c5200000, 0x00000000eaa80000)
  object space 83968K, 0% used [0x00000000c0000000,0x00000000c0000000,0x00000000c5200000)
 PSPermGen       total 21504K, used 4134K [0x00000000b5a00000, 0x00000000b6f00000, 0x00000000c0000000)
  object space 21504K, 19% used [0x00000000b5a00000,0x00000000b5e09a58,0x00000000b6f00000)
Event: 49,688 GC heap after
Heap after GC invocations=1 (full 0):
 PSYoungGen      total 36864K, used 5091K [0x00000000eaa80000, 0x00000000ef280000, 0x0000000100000000)
  eden space 31744K, 0% used [0x00000000eaa80000,0x00000000eaa80000,0x00000000ec980000)
  from space 5120K, 99% used [0x00000000ec980000,0x00000000ece78d28,0x00000000ece80000)
  to   space 5120K, 0% used [0x00000000eed80000,0x00000000eed80000,0x00000000ef280000)
 ParOldGen       total 83968K, used 8903K [0x00000000c0000000, 0x00000000c5200000, 0x00000000eaa80000)
  object space 83968K, 10% used [0x00000000c0000000,0x00000000c08b1fc8,0x00000000c5200000)
 PSPermGen       total 21504K, used 4134K [0x00000000b5a00000, 0x00000000b6f00000, 0x00000000c0000000)
  object space 21504K, 19% used [0x00000000b5a00000,0x00000000b5e09a58,0x00000000b6f00000)
}
Event: 104,901 GC heap before
{Heap before GC invocations=2 (full 0):
 PSYoungGen      total 36864K, used 36835K [0x00000000eaa80000, 0x00000000ef280000, 0x0000000100000000)
  eden space 31744K, 100% used [0x00000000eaa80000,0x00000000ec980000,0x00000000ec980000)
  from space 5120K, 99% used [0x00000000ec980000,0x00000000ece78d28,0x00000000ece80000)
  to   space 5120K, 0% used [0x00000000eed80000,0x00000000eed80000,0x00000000ef280000)
 ParOldGen       total 83968K, used 8903K [0x00000000c0000000, 0x00000000c5200000, 0x00000000eaa80000)
  object space 83968K, 10% used [0x00000000c0000000,0x00000000c08b1fc8,0x00000000c5200000)
 PSPermGen       total 21504K, used 4290K [0x00000000b5a00000, 0x00000000b6f00000, 0x00000000c0000000)
  object space 21504K, 19% used [0x00000000b5a00000,0x00000000b5e30950,0x00000000b6f00000)
Event: 104,930 GC heap after
Heap after GC invocations=2 (full 0):
 PSYoungGen      total 68608K, used 5107K [0x00000000eaa80000, 0x00000000ef280000, 0x0000000100000000)
  eden space 63488K, 0% used [0x00000000eaa80000,0x00000000eaa80000,0x00000000ee880000)
  from space 5120K, 99% used [0x00000000eed80000,0x00000000ef27cd38,0x00000000ef280000)
  to   space 5120K, 0% used [0x00000000ee880000,0x00000000ee880000,0x00000000eed80000)
 ParOldGen       total 83968K, used 9421K [0x00000000c0000000, 0x00000000c5200000, 0x00000000eaa80000)
  object space 83968K, 11% used [0x00000000c0000000,0x00000000c09336d8,0x00000000c5200000)
 PSPermGen       total 21504K, used 4290K [0x00000000b5a00000, 0x00000000b6f00000, 0x00000000c0000000)
  object space 21504K, 19% used [0x00000000b5a00000,0x00000000b5e30950,0x00000000b6f00000)
}
Event: 161,539 GC heap before
{Heap before GC invocations=3 (full 0):
 PSYoungGen      total 68608K, used 68595K [0x00000000eaa80000, 0x00000000ef280000, 0x0000000100000000)
  eden space 63488K, 100% used [0x00000000eaa80000,0x00000000ee880000,0x00000000ee880000)
  from space 5120K, 99% used [0x00000000eed80000,0x00000000ef27cd38,0x00000000ef280000)
  to   space 5120K, 0% used [0x00000000ee880000,0x00000000ee880000,0x00000000eed80000)
 ParOldGen       total 83968K, used 9421K [0x00000000c0000000, 0x00000000c5200000, 0x00000000eaa80000)
  object space 83968K, 11% used [0x00000000c0000000,0x00000000c09336d8,0x00000000c5200000)
 PSPermGen       total 21504K, used 4704K [0x00000000b5a00000, 0x00000000b6f00000, 0x00000000c0000000)
  object space 21504K, 21% used [0x00000000b5a00000,0x00000000b5e980c0,0x00000000b6f00000)

Deoptimization events (10 events):
Event: 105,610 Thread 0x00007f773800c000 Uncommon trap: reason=class_check action=maybe_recompile pc=0x00007f773509bbb4 method=com.android.dx.merge.DexMerger$IdMerger$UnsortedValue.compareTo(Lcom/android/dx/merge/DexMerger$IdMerger$UnsortedValue;)I @ 8
Event: 105,611 Thread 0x00007f773800c000 Uncommon trap: reason=class_check action=maybe_recompile pc=0x00007f773509bbb4 method=com.android.dx.merge.DexMerger$IdMerger$UnsortedValue.compareTo(Lcom/android/dx/merge/DexMerger$IdMerger$UnsortedValue;)I @ 8
Event: 105,611 Thread 0x00007f773800c000 Uncommon trap: reason=class_check action=maybe_recompile pc=0x00007f773509bbb4 method=com.android.dx.merge.DexMerger$IdMerger$UnsortedValue.compareTo(Lcom/android/dx/merge/DexMerger$IdMerger$UnsortedValue;)I @ 8
Event: 105,611 Thread 0x00007f773800c000 Uncommon trap: reason=class_check action=maybe_recompile pc=0x00007f773509bbb4 method=com.android.dx.merge.DexMerger$IdMerger$UnsortedValue.compareTo(Lcom/android/dx/merge/DexMerger$IdMerger$UnsortedValue;)I @ 8
Event: 105,611 Thread 0x00007f773800c000 Uncommon trap: reason=class_check action=maybe_recompile pc=0x00007f773509b550 method=com.android.dx.merge.DexMerger$IdMerger$UnsortedValue.compareTo(Lcom/android/dx/merge/DexMerger$IdMerger$UnsortedValue;)I @ 8
Event: 105,611 Thread 0x00007f773800c000 Uncommon trap: reason=predicate action=maybe_recompile pc=0x00007f773509869c method=java.util.ComparableTimSort.binarySort([Ljava/lang/Object;III)V @ 79
Event: 105,612 Thread 0x00007f773800c000 Uncommon trap: reason=class_check action=maybe_recompile pc=0x00007f77350a15f8 method=com.android.dx.merge.DexMerger$IdMerger$UnsortedValue.compareTo(Lcom/android/dx/merge/DexMerger$IdMerger$UnsortedValue;)I @ 8
Event: 106,276 Thread 0x00007f773800c000 Uncommon trap: reason=unstable_if action=reinterpret pc=0x00007f77350ca8d0 method=com.android.dex.EncodedValueCodec.readUnsignedInt(Lcom/android/dex/util/ByteInput;IZ)I @ 3
Event: 106,309 Thread 0x00007f773800c000 Uncommon trap: reason=unloaded action=reinterpret pc=0x00007f77350d3e0c method=com.android.dx.merge.IndexMap$EncodedValueTransformer.transform(Lcom/android/dex/EncodedValueReader;)V @ 232
Event: 106,889 Thread 0x00007f773800c000 Uncommon trap: reason=unstable_if action=reinterpret pc=0x00007f773509dbc4 method=com.android.dx.merge.IndexMap.adjustString(I)I @ 2

Internal exceptions (10 events):
Event: 106,797 Thread 0x00007f773800c000 Threw 0x00000000eb812c78 at /build/openjdk-7-hGnxiC/openjdk-7-7u95-2.6.4/build/openjdk/hotspot/src/share/vm/prims/jvm.cpp:1322
Event: 106,797 Thread 0x00007f773800c000 Threw 0x00000000eb8168a0 at /build/openjdk-7-hGnxiC/openjdk-7-7u95-2.6.4/build/openjdk/hotspot/src/share/vm/prims/jvm.cpp:1322
Event: 106,801 Thread 0x00007f773800c000 Threw 0x00000000eb81a708 at /build/openjdk-7-hGnxiC/openjdk-7-7u95-2.6.4/build/openjdk/hotspot/src/share/vm/prims/jvm.cpp:1322
Event: 106,810 Thread 0x00007f773800c000 Threw 0x00000000eb81ed00 at /build/openjdk-7-hGnxiC/openjdk-7-7u95-2.6.4/build/openjdk/hotspot/src/share/vm/prims/jvm.cpp:1322
Event: 106,811 Thread 0x00007f773800c000 Threw 0x00000000eb822848 at /build/openjdk-7-hGnxiC/openjdk-7-7u95-2.6.4/build/openjdk/hotspot/src/share/vm/prims/jvm.cpp:1322
Event: 106,811 Thread 0x00007f773800c000 Threw 0x00000000eb826588 at /build/openjdk-7-hGnxiC/openjdk-7-7u95-2.6.4/build/openjdk/hotspot/src/share/vm/prims/jvm.cpp:1322
Event: 106,817 Thread 0x00007f773800c000 Threw 0x00000000eb82a528 at /build/openjdk-7-hGnxiC/openjdk-7-7u95-2.6.4/build/openjdk/hotspot/src/share/vm/prims/jvm.cpp:1322
Event: 106,833 Thread 0x00007f773800c000 Threw 0x00000000eb872ca0 at /build/openjdk-7-hGnxiC/openjdk-7-7u95-2.6.4/build/openjdk/hotspot/src/share/vm/prims/jvm.cpp:1322
Event: 106,868 Thread 0x00007f773800c000 Threw 0x00000000eb875a20 at /build/openjdk-7-hGnxiC/openjdk-7-7u95-2.6.4/build/openjdk/hotspot/src/share/vm/prims/jvm.cpp:1322
Event: 107,571 Thread 0x00007f773800c000 Threw 0x00000000ebdb2c18 at /build/openjdk-7-hGnxiC/openjdk-7-7u95-2.6.4/build/openjdk/hotspot/src/share/vm/prims/jvm.cpp:1322

Events (10 events):
Event: 107,983 Thread 0x00007f77380b0000 flushing nmethod 0x00007f7735079d10
Event: 108,062 Thread 0x00007f77380ad000 flushing nmethod 0x00007f7735086610
Event: 108,066 Thread 0x00007f77380ad000 flushing nmethod 0x00007f7735091b50
Event: 108,066 Thread 0x00007f77380ad000 flushing nmethod 0x00007f77350922d0
Event: 108,066 Thread 0x00007f77380ad000 flushing nmethod 0x00007f7735096610
Event: 108,094 Thread 0x00007f77380ad000 flushing nmethod 0x00007f77350a2dd0
Event: 108,094 Thread 0x00007f77380ad000 flushing nmethod 0x00007f77350a8450
Event: 108,094 Thread 0x00007f77380ad000 flushing nmethod 0x00007f77350a8b90
Event: 108,094 Thread 0x00007f77380ad000 flushing nmethod 0x00007f77350b0710
Event: 160,761 Executing VM operation: ParallelGCFailedAllocation


Dynamic libraries:
00400000-00401000 r-xp 00000000 08:01 5642822                            /usr/lib/jvm/java-7-openjdk-amd64/jre/bin/java
00600000-00601000 r--p 00000000 08:01 5642822                            /usr/lib/jvm/java-7-openjdk-amd64/jre/bin/java
00601000-00602000 rw-p 00001000 08:01 5642822                            /usr/lib/jvm/java-7-openjdk-amd64/jre/bin/java
0098b000-009ac000 rw-p 00000000 00:00 0                                  [heap]
b5a00000-b6f00000 rw-p 00000000 00:00 0 
b6f00000-c0000000 rw-p 00000000 00:00 0 
c0000000-c5200000 rw-p 00000000 00:00 0 
c5200000-eaa80000 rw-p 00000000 00:00 0 
eaa80000-ef280000 rw-p 00000000 00:00 0 
f3080000-100000000 rw-p 00000000 00:00 0 
7f76fc000000-7f76fc021000 rw-p 00000000 00:00 0 
7f76fc021000-7f7700000000 ---p 00000000 00:00 0 
7f770252f000-7f7702830000 rw-p 00000000 00:00 0 
7f7702830000-7f770289e000 r-xp 00000000 08:01 12980063                   /lib/x86_64-linux-gnu/libpcre.so.3.13.2
7f770289e000-7f7702a9e000 ---p 0006e000 08:01 12980063                   /lib/x86_64-linux-gnu/libpcre.so.3.13.2
7f7702a9e000-7f7702a9f000 r--p 0006e000 08:01 12980063                   /lib/x86_64-linux-gnu/libpcre.so.3.13.2
7f7702a9f000-7f7702aa0000 rw-p 0006f000 08:01 12980063                   /lib/x86_64-linux-gnu/libpcre.so.3.13.2
7f7702aa0000-7f7702aa7000 r-xp 00000000 08:01 4594380                    /usr/lib/x86_64-linux-gnu/libffi.so.6.0.4
7f7702aa7000-7f7702ca6000 ---p 00007000 08:01 4594380                    /usr/lib/x86_64-linux-gnu/libffi.so.6.0.4
7f7702ca6000-7f7702ca7000 r--p 00006000 08:01 4594380                    /usr/lib/x86_64-linux-gnu/libffi.so.6.0.4
7f7702ca7000-7f7702ca8000 rw-p 00007000 08:01 4594380                    /usr/lib/x86_64-linux-gnu/libffi.so.6.0.4
7f7702ca8000-7f7702cbf000 r-xp 00000000 08:01 12997391                   /lib/x86_64-linux-gnu/libresolv-2.23.so
7f7702cbf000-7f7702ebf000 ---p 00017000 08:01 12997391                   /lib/x86_64-linux-gnu/libresolv-2.23.so
7f7702ebf000-7f7702ec0000 r--p 00017000 08:01 12997391                   /lib/x86_64-linux-gnu/libresolv-2.23.so
7f7702ec0000-7f7702ec1000 rw-p 00018000 08:01 12997391                   /lib/x86_64-linux-gnu/libresolv-2.23.so
7f7702ec1000-7f7702ec3000 rw-p 00000000 00:00 0 
7f7702ec3000-7f7702ee2000 r-xp 00000000 08:01 12980070                   /lib/x86_64-linux-gnu/libselinux.so.1
7f7702ee2000-7f77030e1000 ---p 0001f000 08:01 12980070                   /lib/x86_64-linux-gnu/libselinux.so.1
7f77030e1000-7f77030e2000 r--p 0001e000 08:01 12980070                   /lib/x86_64-linux-gnu/libselinux.so.1
7f77030e2000-7f77030e3000 rw-p 0001f000 08:01 12980070                   /lib/x86_64-linux-gnu/libselinux.so.1
7f77030e3000-7f77030e5000 rw-p 00000000 00:00 0 
7f77030e5000-7f77030e8000 r-xp 00000000 08:01 4587815                    /usr/lib/x86_64-linux-gnu/libgmodule-2.0.so.0.4800.1
7f77030e8000-7f77032e7000 ---p 00003000 08:01 4587815                    /usr/lib/x86_64-linux-gnu/libgmodule-2.0.so.0.4800.1
7f77032e7000-7f77032e8000 r--p 00002000 08:01 4587815                    /usr/lib/x86_64-linux-gnu/libgmodule-2.0.so.0.4800.1
7f77032e8000-7f77032e9000 rw-p 00003000 08:01 4587815                    /usr/lib/x86_64-linux-gnu/libgmodule-2.0.so.0.4800.1
7f77032e9000-7f77033f8000 r-xp 00000000 08:01 12976975                   /lib/x86_64-linux-gnu/libglib-2.0.so.0.4800.1
7f77033f8000-7f77035f7000 ---p 0010f000 08:01 12976975                   /lib/x86_64-linux-gnu/libglib-2.0.so.0.4800.1
7f77035f7000-7f77035f8000 r--p 0010e000 08:01 12976975                   /lib/x86_64-linux-gnu/libglib-2.0.so.0.4800.1
7f77035f8000-7f77035f9000 rw-p 0010f000 08:01 12976975                   /lib/x86_64-linux-gnu/libglib-2.0.so.0.4800.1
7f77035f9000-7f77035fa000 rw-p 00000000 00:00 0 
7f77035fa000-7f770364c000 r-xp 00000000 08:01 4587817                    /usr/lib/x86_64-linux-gnu/libgobject-2.0.so.0.4800.1
7f770364c000-7f770384b000 ---p 00052000 08:01 4587817                    /usr/lib/x86_64-linux-gnu/libgobject-2.0.so.0.4800.1
7f770384b000-7f770384c000 r--p 00051000 08:01 4587817                    /usr/lib/x86_64-linux-gnu/libgobject-2.0.so.0.4800.1
7f770384c000-7f770384d000 rw-p 00052000 08:01 4587817                    /usr/lib/x86_64-linux-gnu/libgobject-2.0.so.0.4800.1
7f770384d000-7f77039cd000 r-xp 00000000 08:01 4587816                    /usr/lib/x86_64-linux-gnu/libgio-2.0.so.0.4800.1
7f77039cd000-7f7703bcd000 ---p 00180000 08:01 4587816                    /usr/lib/x86_64-linux-gnu/libgio-2.0.so.0.4800.1
7f7703bcd000-7f7703bd1000 r--p 00180000 08:01 4587816                    /usr/lib/x86_64-linux-gnu/libgio-2.0.so.0.4800.1
7f7703bd1000-7f7703bd3000 rw-p 00184000 08:01 4587816                    /usr/lib/x86_64-linux-gnu/libgio-2.0.so.0.4800.1
7f7703bd3000-7f7703bd5000 rw-p 00000000 00:00 0 
7f7703bd5000-7f7703bec000 r-xp 00000000 08:01 5643240                    /usr/lib/jvm/java-7-openjdk-amd64/jre/lib/amd64/libnet.so
7f7703bec000-7f7703dec000 ---p 00017000 08:01 5643240                    /usr/lib/jvm/java-7-openjdk-amd64/jre/lib/amd64/libnet.so
7f7703dec000-7f7703ded000 r--p 00017000 08:01 5643240                    /usr/lib/jvm/java-7-openjdk-amd64/jre/lib/amd64/libnet.so
7f7703ded000-7f7703dee000 rw-p 00018000 08:01 5643240                    /usr/lib/jvm/java-7-openjdk-amd64/jre/lib/amd64/libnet.so
7f7703dee000-7f7703dff000 r-xp 00000000 08:01 5643261                    /usr/lib/jvm/java-7-openjdk-amd64/jre/lib/amd64/libnio.so
7f7703dff000-7f7703ffe000 ---p 00011000 08:01 5643261                    /usr/lib/jvm/java-7-openjdk-amd64/jre/lib/amd64/libnio.so
7f7703ffe000-7f7703fff000 r--p 00010000 08:01 5643261                    /usr/lib/jvm/java-7-openjdk-amd64/jre/lib/amd64/libnio.so
7f7703fff000-7f7704000000 rw-p 00011000 08:01 5643261                    /usr/lib/jvm/java-7-openjdk-amd64/jre/lib/amd64/libnio.so
7f7704000000-7f77046c7000 rw-p 00000000 00:00 0 
7f77046c7000-7f7708000000 ---p 00000000 00:00 0 
7f7708000000-7f7708021000 rw-p 00000000 00:00 0 
7f7708021000-7f770c000000 ---p 00000000 00:00 0 
7f770c000000-7f770c021000 rw-p 00000000 00:00 0 
7f770c021000-7f7710000000 ---p 00000000 00:00 0 
7f7710000000-7f77103bc000 rw-p 00000000 00:00 0 
7f77103bc000-7f7714000000 ---p 00000000 00:00 0 
7f7714000000-7f7714021000 rw-p 00000000 00:00 0 
7f7714021000-7f7718000000 ---p 00000000 00:00 0 
7f7718000000-7f7718021000 rw-p 00000000 00:00 0 
7f7718021000-7f771c000000 ---p 00000000 00:00 0 
7f771c000000-7f771c021000 rw-p 00000000 00:00 0 
7f771c021000-7f7720000000 ---p 00000000 00:00 0 
7f7720000000-7f7720021000 rw-p 00000000 00:00 0 
7f7720021000-7f7724000000 ---p 00000000 00:00 0 
7f7724186000-7f77241ac000 r--p 00000000 08:01 6298638                    /usr/share/locale-langpack/de/LC_MESSAGES/libc.mo
7f77241ac000-7f77241bb000 r--s 000df000 08:01 142451                     /home/sebastian/Android/Sdk/build-tools/23.0.3/lib/dx.jar
7f77241bb000-7f77241bc000 ---p 00000000 00:00 0 
7f77241bc000-7f77242bc000 rw-p 00000000 00:00 0 
7f77242bc000-7f77242bf000 ---p 00000000 00:00 0 
7f77242bf000-7f77243bd000 rw-p 00000000 00:00 0 
7f77243bd000-7f77243c0000 ---p 00000000 00:00 0 
7f77243c0000-7f77244be000 rw-p 00000000 00:00 0 
7f77244be000-7f77244c1000 ---p 00000000 00:00 0 
7f77244c1000-7f77245bf000 rw-p 00000000 00:00 0 
7f77245bf000-7f77245c2000 ---p 00000000 00:00 0 
7f77245c2000-7f77246c0000 rw-p 00000000 00:00 0 
7f77246c0000-7f7724b1c000 r--p 00000000 08:01 4590774                    /usr/lib/locale/locale-archive
7f7724b1c000-7f7724b1f000 ---p 00000000 00:00 0 
7f7724b1f000-7f7724c1d000 rw-p 00000000 00:00 0 
7f7724c1d000-7f7724c20000 ---p 00000000 00:00 0 
7f7724c20000-7f7724d1e000 rw-p 00000000 00:00 0 
7f7724d1e000-7f7724d1f000 ---p 00000000 00:00 0 
7f7724d1f000-7f7728000000 rw-p 00000000 00:00 0 
7f7728000000-7f7728021000 rw-p 00000000 00:00 0 
7f7728021000-7f772c000000 ---p 00000000 00:00 0 
7f772c000000-7f772c021000 rw-p 00000000 00:00 0 
7f772c021000-7f7730000000 ---p 00000000 00:00 0 
7f7730000000-7f7730021000 rw-p 00000000 00:00 0 
7f7730021000-7f7734000000 ---p 00000000 00:00 0 
7f7734009000-7f7734355000 rw-p 00000000 00:00 0 
7f7734355000-7f7734506000 r--s 01d30000 08:01 5643274                    /usr/lib/jvm/java-7-openjdk-amd64/jre/lib/rt.jar
7f7734506000-7f7734852000 rw-p 00000000 00:00 0 
7f7734852000-7f7734853000 ---p 00000000 00:00 0 
7f7734853000-7f7734953000 rw-p 00000000 00:00 0 
7f7734953000-7f7734954000 ---p 00000000 00:00 0 
7f7734954000-7f7734a54000 rw-p 00000000 00:00 0 
7f7734a54000-7f7734a55000 ---p 00000000 00:00 0 
7f7734a55000-7f7734b55000 rw-p 00000000 00:00 0 
7f7734b55000-7f7734b56000 ---p 00000000 00:00 0 
7f7734b56000-7f7734c7f000 rw-p 00000000 00:00 0 
7f7734c7f000-7f7734dac000 rw-p 00000000 00:00 0 
7f7734dac000-7f7734db7000 rw-p 00000000 00:00 0 
7f7734db7000-7f7734dff000 rw-p 00000000 00:00 0 
7f7734dff000-7f7734e28000 rw-p 00000000 00:00 0 
7f7734e28000-7f7734f54000 rw-p 00000000 00:00 0 
7f7734f54000-7f7734f79000 rw-p 00000000 00:00 0 
7f7734f79000-7f7734fff000 rw-p 00000000 00:00 0 
7f7734fff000-7f7735000000 rw-p 00000000 00:00 0 
7f7735000000-7f7735270000 rwxp 00000000 00:00 0 
7f7735270000-7f773819f000 rw-p 00000000 00:00 0 
7f773819f000-7f773c000000 ---p 00000000 00:00 0 
7f773c004000-7f773c00b000 r--s 00000000 08:01 4986240                    /usr/lib/x86_64-linux-gnu/gconv/gconv-modules.cache
7f773c00b000-7f773c016000 rw-p 00000000 00:00 0 
7f773c016000-7f773c05e000 rw-p 00000000 00:00 0 
7f773c05e000-7f773c066000 r-xp 00000000 08:01 5643245                    /usr/lib/jvm/java-7-openjdk-amd64/jre/lib/amd64/libzip.so
7f773c066000-7f773c265000 ---p 00008000 08:01 5643245                    /usr/lib/jvm/java-7-openjdk-amd64/jre/lib/amd64/libzip.so
7f773c265000-7f773c266000 r--p 00007000 08:01 5643245                    /usr/lib/jvm/java-7-openjdk-amd64/jre/lib/amd64/libzip.so
7f773c266000-7f773c267000 rw-p 00008000 08:01 5643245                    /usr/lib/jvm/java-7-openjdk-amd64/jre/lib/amd64/libzip.so
7f773c267000-7f773c272000 r-xp 00000000 08:01 12997389                   /lib/x86_64-linux-gnu/libnss_files-2.23.so
7f773c272000-7f773c471000 ---p 0000b000 08:01 12997389                   /lib/x86_64-linux-gnu/libnss_files-2.23.so
7f773c471000-7f773c472000 r--p 0000a000 08:01 12997389                   /lib/x86_64-linux-gnu/libnss_files-2.23.so
7f773c472000-7f773c473000 rw-p 0000b000 08:01 12997389                   /lib/x86_64-linux-gnu/libnss_files-2.23.so
7f773c473000-7f773c479000 rw-p 00000000 00:00 0 
7f773c479000-7f773c484000 r-xp 00000000 08:01 12997355                   /lib/x86_64-linux-gnu/libnss_nis-2.23.so
7f773c484000-7f773c683000 ---p 0000b000 08:01 12997355                   /lib/x86_64-linux-gnu/libnss_nis-2.23.so
7f773c683000-7f773c684000 r--p 0000a000 08:01 12997355                   /lib/x86_64-linux-gnu/libnss_nis-2.23.so
7f773c684000-7f773c685000 rw-p 0000b000 08:01 12997355                   /lib/x86_64-linux-gnu/libnss_nis-2.23.so
7f773c685000-7f773c69b000 r-xp 00000000 08:01 12997381                   /lib/x86_64-linux-gnu/libnsl-2.23.so
7f773c69b000-7f773c89a000 ---p 00016000 08:01 12997381                   /lib/x86_64-linux-gnu/libnsl-2.23.so
7f773c89a000-7f773c89b000 r--p 00015000 08:01 12997381                   /lib/x86_64-linux-gnu/libnsl-2.23.so
7f773c89b000-7f773c89c000 rw-p 00016000 08:01 12997381                   /lib/x86_64-linux-gnu/libnsl-2.23.so
7f773c89c000-7f773c89e000 rw-p 00000000 00:00 0 
7f773c89e000-7f773c8a6000 r-xp 00000000 08:01 12997383                   /lib/x86_64-linux-gnu/libnss_compat-2.23.so
7f773c8a6000-7f773caa5000 ---p 00008000 08:01 12997383                   /lib/x86_64-linux-gnu/libnss_compat-2.23.so
7f773caa5000-7f773caa6000 r--p 00007000 08:01 12997383                   /lib/x86_64-linux-gnu/libnss_compat-2.23.so
7f773caa6000-7f773caa7000 rw-p 00008000 08:01 12997383                   /lib/x86_64-linux-gnu/libnss_compat-2.23.so
7f773caa7000-7f773cad3000 r-xp 00000000 08:01 5643231                    /usr/lib/jvm/java-7-openjdk-amd64/jre/lib/amd64/libjava.so
7f773cad3000-7f773ccd2000 ---p 0002c000 08:01 5643231                    /usr/lib/jvm/java-7-openjdk-amd64/jre/lib/amd64/libjava.so
7f773ccd2000-7f773ccd3000 r--p 0002b000 08:01 5643231                    /usr/lib/jvm/java-7-openjdk-amd64/jre/lib/amd64/libjava.so
7f773ccd3000-7f773ccd5000 rw-p 0002c000 08:01 5643231                    /usr/lib/jvm/java-7-openjdk-amd64/jre/lib/amd64/libjava.so
7f773ccd5000-7f773cce4000 r-xp 00000000 08:01 5643232                    /usr/lib/jvm/java-7-openjdk-amd64/jre/lib/amd64/libverify.so
7f773cce4000-7f773cee3000 ---p 0000f000 08:01 5643232                    /usr/lib/jvm/java-7-openjdk-amd64/jre/lib/amd64/libverify.so
7f773cee3000-7f773cee5000 r--p 0000e000 08:01 5643232                    /usr/lib/jvm/java-7-openjdk-amd64/jre/lib/amd64/libverify.so
7f773cee5000-7f773cee6000 rw-p 00010000 08:01 5643232                    /usr/lib/jvm/java-7-openjdk-amd64/jre/lib/amd64/libverify.so
7f773cee6000-7f773ceed000 r-xp 00000000 08:01 12997354                   /lib/x86_64-linux-gnu/librt-2.23.so
7f773ceed000-7f773d0ec000 ---p 00007000 08:01 12997354                   /lib/x86_64-linux-gnu/librt-2.23.so
7f773d0ec000-7f773d0ed000 r--p 00006000 08:01 12997354                   /lib/x86_64-linux-gnu/librt-2.23.so
7f773d0ed000-7f773d0ee000 rw-p 00007000 08:01 12997354                   /lib/x86_64-linux-gnu/librt-2.23.so
7f773d0ee000-7f773d104000 r-xp 00000000 08:01 12980126                   /lib/x86_64-linux-gnu/libgcc_s.so.1
7f773d104000-7f773d303000 ---p 00016000 08:01 12980126                   /lib/x86_64-linux-gnu/libgcc_s.so.1
7f773d303000-7f773d304000 rw-p 00015000 08:01 12980126                   /lib/x86_64-linux-gnu/libgcc_s.so.1
7f773d304000-7f773d40c000 r-xp 00000000 08:01 12997377                   /lib/x86_64-linux-gnu/libm-2.23.so
7f773d40c000-7f773d60b000 ---p 00108000 08:01 12997377                   /lib/x86_64-linux-gnu/libm-2.23.so
7f773d60b000-7f773d60c000 r--p 00107000 08:01 12997377                   /lib/x86_64-linux-gnu/libm-2.23.so
7f773d60c000-7f773d60d000 rw-p 00108000 08:01 12997377                   /lib/x86_64-linux-gnu/libm-2.23.so
7f773d60d000-7f773d77f000 r-xp 00000000 08:01 4592510                    /usr/lib/x86_64-linux-gnu/libstdc++.so.6.0.21
7f773d77f000-7f773d97f000 ---p 00172000 08:01 4592510                    /usr/lib/x86_64-linux-gnu/libstdc++.so.6.0.21
7f773d97f000-7f773d989000 r--p 00172000 08:01 4592510                    /usr/lib/x86_64-linux-gnu/libstdc++.so.6.0.21
7f773d989000-7f773d98b000 rw-p 0017c000 08:01 4592510                    /usr/lib/x86_64-linux-gnu/libstdc++.so.6.0.21
7f773d98b000-7f773d98f000 rw-p 00000000 00:00 0 
7f773d98f000-7f773e4df000 r-xp 00000000 08:01 5643243                    /usr/lib/jvm/java-7-openjdk-amd64/jre/lib/amd64/server/libjvm.so
7f773e4df000-7f773e6de000 ---p 00b50000 08:01 5643243                    /usr/lib/jvm/java-7-openjdk-amd64/jre/lib/amd64/server/libjvm.so
7f773e6de000-7f773e76f000 r--p 00b4f000 08:01 5643243                    /usr/lib/jvm/java-7-openjdk-amd64/jre/lib/amd64/server/libjvm.so
7f773e76f000-7f773e792000 rw-p 00be0000 08:01 5643243                    /usr/lib/jvm/java-7-openjdk-amd64/jre/lib/amd64/server/libjvm.so
7f773e792000-7f773e7bd000 rw-p 00000000 00:00 0 
7f773e7bd000-7f773e7d6000 r-xp 00000000 08:01 12977121                   /lib/x86_64-linux-gnu/libz.so.1.2.8
7f773e7d6000-7f773e9d5000 ---p 00019000 08:01 12977121                   /lib/x86_64-linux-gnu/libz.so.1.2.8
7f773e9d5000-7f773e9d6000 r--p 00018000 08:01 12977121                   /lib/x86_64-linux-gnu/libz.so.1.2.8
7f773e9d6000-7f773e9d7000 rw-p 00019000 08:01 12977121                   /lib/x86_64-linux-gnu/libz.so.1.2.8
7f773e9d7000-7f773e9ef000 r-xp 00000000 08:01 12997379                   /lib/x86_64-linux-gnu/libpthread-2.23.so
7f773e9ef000-7f773ebee000 ---p 00018000 08:01 12997379                   /lib/x86_64-linux-gnu/libpthread-2.23.so
7f773ebee000-7f773ebef000 r--p 00017000 08:01 12997379                   /lib/x86_64-linux-gnu/libpthread-2.23.so
7f773ebef000-7f773ebf0000 rw-p 00018000 08:01 12997379                   /lib/x86_64-linux-gnu/libpthread-2.23.so
7f773ebf0000-7f773ebf4000 rw-p 00000000 00:00 0 
7f773ebf4000-7f773ebf7000 r-xp 00000000 08:01 12997362                   /lib/x86_64-linux-gnu/libdl-2.23.so
7f773ebf7000-7f773edf6000 ---p 00003000 08:01 12997362                   /lib/x86_64-linux-gnu/libdl-2.23.so
7f773edf6000-7f773edf7000 r--p 00002000 08:01 12997362                   /lib/x86_64-linux-gnu/libdl-2.23.so
7f773edf7000-7f773edf8000 rw-p 00003000 08:01 12997362                   /lib/x86_64-linux-gnu/libdl-2.23.so
7f773edf8000-7f773efb7000 r-xp 00000000 08:01 12997367                   /lib/x86_64-linux-gnu/libc-2.23.so
7f773efb7000-7f773f1b7000 ---p 001bf000 08:01 12997367                   /lib/x86_64-linux-gnu/libc-2.23.so
7f773f1b7000-7f773f1bb000 r--p 001bf000 08:01 12997367                   /lib/x86_64-linux-gnu/libc-2.23.so
7f773f1bb000-7f773f1bd000 rw-p 001c3000 08:01 12997367                   /lib/x86_64-linux-gnu/libc-2.23.so
7f773f1bd000-7f773f1c1000 rw-p 00000000 00:00 0 
7f773f1c1000-7f773f1ce000 r-xp 00000000 08:01 5643258                    /usr/lib/jvm/java-7-openjdk-amd64/jre/lib/amd64/jli/libjli.so
7f773f1ce000-7f773f3cd000 ---p 0000d000 08:01 5643258                    /usr/lib/jvm/java-7-openjdk-amd64/jre/lib/amd64/jli/libjli.so
7f773f3cd000-7f773f3ce000 r--p 0000c000 08:01 5643258                    /usr/lib/jvm/java-7-openjdk-amd64/jre/lib/amd64/jli/libjli.so
7f773f3ce000-7f773f3cf000 rw-p 0000d000 08:01 5643258                    /usr/lib/jvm/java-7-openjdk-amd64/jre/lib/amd64/jli/libjli.so
7f773f3cf000-7f773f3f5000 r-xp 00000000 08:01 12997342                   /lib/x86_64-linux-gnu/ld-2.23.so
7f773f3f6000-7f773f3fa000 r--s 0003c000 08:01 5643289                    /usr/lib/jvm/java-7-openjdk-amd64/jre/lib/ext/sunpkcs11.jar
7f773f3fa000-7f773f3fb000 r--s 00002000 08:01 5643284                    /usr/lib/jvm/java-7-openjdk-amd64/jre/lib/ext/dnsns.jar
7f773f3fb000-7f773f3ff000 r--s 00085000 08:01 5643288                    /usr/lib/jvm/java-7-openjdk-amd64/jre/lib/ext/localedata.jar
7f773f3ff000-7f773f403000 r--s 00034000 08:01 5643286                    /usr/lib/jvm/java-7-openjdk-amd64/jre/lib/ext/sunjce_provider.jar
7f773f403000-7f773f40d000 rw-p 00000000 00:00 0 
7f773f40d000-7f773f4c3000 rw-p 00000000 00:00 0 
7f773f4c3000-7f773f4c6000 ---p 00000000 00:00 0 
7f773f4c6000-7f773f5c9000 rw-p 00000000 00:00 0 
7f773f5c9000-7f773f5cc000 r--s 0000f000 08:01 5643287                    /usr/lib/jvm/java-7-openjdk-amd64/jre/lib/ext/icedtea-sound.jar
7f773f5cc000-7f773f5ce000 r--s 00012000 08:01 5643285                    /usr/lib/jvm/java-7-openjdk-amd64/jre/lib/ext/zipfs.jar
7f773f5ce000-7f773f5d0000 r--s 00007000 08:01 4987193                    /usr/share/java/java-atk-wrapper.jar
7f773f5d0000-7f773f5e8000 rw-p 00000000 00:00 0 
7f773f5e8000-7f773f5f0000 rw-s 00000000 08:01 3541430                    /tmp/hsperfdata_sebastian/11389
7f773f5f0000-7f773f5f1000 rw-p 00000000 00:00 0 
7f773f5f1000-7f773f5f2000 ---p 00000000 00:00 0 
7f773f5f2000-7f773f5f4000 rw-p 00000000 00:00 0 
7f773f5f4000-7f773f5f5000 r--p 00025000 08:01 12997342                   /lib/x86_64-linux-gnu/ld-2.23.so
7f773f5f5000-7f773f5f6000 rw-p 00026000 08:01 12997342                   /lib/x86_64-linux-gnu/ld-2.23.so
7f773f5f6000-7f773f5f7000 rw-p 00000000 00:00 0 
7ffdd4589000-7ffdd45ab000 rw-p 00000000 00:00 0                          [stack]
7ffdd45c0000-7ffdd45c2000 r--p 00000000 00:00 0                          [vvar]
7ffdd45c2000-7ffdd45c4000 r-xp 00000000 00:00 0                          [vdso]
ffffffffff600000-ffffffffff601000 r-xp 00000000 00:00 0                  [vsyscall]

VM Arguments:
jvm_args: -Djava.awt.headless=true -Xmx1024M -Dfile.encoding=UTF-8 -Duser.country=DE -Duser.language=de -Duser.variant 
java_command: com.android.dx.command.Main --dex --num-threads=4 --output /home/sebastian/Dropbox/Studium/SYP/android-studio/WMNViewer_Android/app/build/intermediates/transforms/dex/debug/folders/1000/1f/main /home/sebastian/Dropbox/Studium/SYP/android-studio/WMNViewer_Android/app/build/intermediates/pre-dexed/debug/support-annotations-23.4.0_43a12794af7de87c8baee597eb1a1f7b12f60041.jar /home/sebastian/Dropbox/Studium/SYP/android-studio/WMNViewer_Android/app/build/intermediates/pre-dexed/debug/converter-gson-2.1.0_0490134ec810967416d64f9d34207973c0de2da9.jar /home/sebastian/Dropbox/Studium/SYP/android-studio/WMNViewer_Android/app/build/intermediates/pre-dexed/debug/logging-interceptor-3.3.1_d18092b81d814ecf965afba8fe74be0e4af5b40b.jar /home/sebastian/Dropbox/Studium/SYP/android-studio/WMNViewer_Android/app/build/intermediates/pre-dexed/debug/com.android.support-animated-vector-drawable-23.4.0_09be4b9ef6608d4afe98f687bb606ecbbac6a161.jar /home/sebastian/Dropbox/Studium/SYP/android-studio/WMNViewer_Android/app/build/intermediates/pre-dexed/debug/com.mapzen.android-lost-1.1.1_42db04cf468ce03c4e8ecd9f5ab300362f3f250a.jar /home/sebastian/Dropbox/Studium/SYP/android-studio/WMNViewer_Android/app/build/intermediates/pre-dexed/debug/com.android.support-support-vector-drawable-23.4.0_5938abc5d7b29b916cc7466b9869de67e3f50858.jar /home/sebastian/Dropbox/Studium/SYP/android-studio/WMNViewer_Android/app/build/intermediates/pre-dexed/debug/retrofit-2.1.0_26863903d3269876dc94ec3a7c77a4f20af1bb3e.jar /home/sebastian/Dropbox/Studium/SYP/android-studio/WMNViewer_Android/app/build/intermediates/pre-dexed/debug/okio-1.9.0_f6e4b789d389acc3a00f9b0bfb8494ca1dc1f5a9.jar /home/sebastian/Dropbox/Studium/SYP/android-studio/WMNViewer_Android/app/build/intermediates/pre-dexed/debug/mapbox-java-services-1.3.1_7594994230f4a73b3e05830b957b9fc6685f8106.jar /home/sebastian/Dropbox/Studium/SYP/android-studio/WMNViewer_Android/app/build/intermediates/pre-dexed/debug/library-1.0.19_2f0fd01c493fe2a98ee8
Launcher Type: SUN_STANDARD

Environment Variables:
PATH=/usr/local/sbin:/usr/local/bin:/usr/sbin:/usr/bin:/sbin:/bin:/usr/games:/usr/local/games:/snap/bin
LD_LIBRARY_PATH=Downloads/android-studio/bin:
SHELL=/bin/bash
DISPLAY=:1

Signal Handlers:
SIGSEGV: [libjvm.so+0x994310], sa_mask[0]=0x7ffbfeff, sa_flags=0x10000004
SIGBUS: [libjvm.so+0x994310], sa_mask[0]=0x7ffbfeff, sa_flags=0x10000004
SIGFPE: [libjvm.so+0x7fb870], sa_mask[0]=0x7ffbfeff, sa_flags=0x10000004
SIGPIPE: [libjvm.so+0x7fb870], sa_mask[0]=0x7ffbfeff, sa_flags=0x10000004
SIGXFSZ: [libjvm.so+0x7fb870], sa_mask[0]=0x7ffbfeff, sa_flags=0x10000004
SIGILL: [libjvm.so+0x7fb870], sa_mask[0]=0x7ffbfeff, sa_flags=0x10000004
SIGUSR1: SIG_DFL, sa_mask[0]=0x00000000, sa_flags=0x00000000
SIGUSR2: [libjvm.so+0x7fb6f0], sa_mask[0]=0x00000004, sa_flags=0x10000004
SIGHUP: [libjvm.so+0x7fb880], sa_mask[0]=0x7ffbfeff, sa_flags=0x10000004
SIGINT: [libjvm.so+0x7fb880], sa_mask[0]=0x7ffbfeff, sa_flags=0x10000004
SIGTERM: [libjvm.so+0x7fb880], sa_mask[0]=0x7ffbfeff, sa_flags=0x10000004
SIGQUIT: [libjvm.so+0x7fb880], sa_mask[0]=0x7ffbfeff, sa_flags=0x10000004
SIGTRAP: SIG_DFL, sa_mask[0]=0x00000000, sa_flags=0x00000000


---------------  S Y S T E M  ---------------

OS:Ubuntu 16.04 (xenial)
uname:Linux 4.4.0-59-generic #80-Ubuntu SMP Fri Jan 6 17:47:47 UTC 2017 x86_64
libc:glibc 2.23 NPTL 2.23 
rlimit: STACK 8192k, CORE 0k, NPROC 31360, NOFILE 65536, AS infinity
load average:32,58 19,40 9,70

/proc/meminfo:
MemTotal:        8068880 kB
MemFree:          112112 kB
MemAvailable:      15040 kB
Buffers:             256 kB
Cached:          3103276 kB
SwapCached:         1728 kB
Active:          6404508 kB
Inactive:        1240384 kB
Active(anon):    6400828 kB
Inactive(anon):  1236432 kB
Active(file):       3680 kB
Inactive(file):     3952 kB
Unevictable:         192 kB
Mlocked:             192 kB
SwapTotal:       4086780 kB
SwapFree:              0 kB
Dirty:                56 kB
Writeback:             0 kB
AnonPages:       4542084 kB
Mapped:            41828 kB
Shmem:           3095112 kB
Slab:             136836 kB
SReclaimable:      74252 kB
SUnreclaim:        62584 kB
KernelStack:       18416 kB
PageTables:        91800 kB
NFS_Unstable:          0 kB
Bounce:                0 kB
WritebackTmp:          0 kB
CommitLimit:     8121220 kB
Committed_AS:   20284536 kB
VmallocTotal:   34359738367 kB
VmallocUsed:           0 kB
VmallocChunk:          0 kB
HardwareCorrupted:     0 kB
AnonHugePages:   2369536 kB
CmaTotal:              0 kB
CmaFree:               0 kB
HugePages_Total:       0
HugePages_Free:        0
HugePages_Rsvd:        0
HugePages_Surp:        0
Hugepagesize:       2048 kB
DirectMap4k:      236288 kB
DirectMap2M:     8046592 kB
DirectMap1G:     1048576 kB


CPU:total 4 (2 cores per cpu, 2 threads per core) family 6 model 69 stepping 1, cmov, cx8, fxsr, mmx, sse, sse2, sse3, ssse3, sse4.1, sse4.2, popcnt, avx, avx2, aes, erms, ht, tsc, tscinvbit

/proc/cpuinfo:
processor	: 0
vendor_id	: GenuineIntel
cpu family	: 6
model		: 69
model name	: Intel(R) Core(TM) i5-4210U CPU @ 1.70GHz
stepping	: 1
microcode	: 0x1c
cpu MHz		: 2399.906
cache size	: 3072 KB
physical id	: 0
siblings	: 4
core id		: 0
cpu cores	: 2
apicid		: 0
initial apicid	: 0
fpu		: yes
fpu_exception	: yes
cpuid level	: 13
wp		: yes
flags		: fpu vme de pse tsc msr pae mce cx8 apic sep mtrr pge mca cmov pat pse36 clflush dts acpi mmx fxsr sse sse2 ss ht tm pbe syscall nx pdpe1gb rdtscp lm constant_tsc arch_perfmon pebs bts rep_good nopl xtopology nonstop_tsc aperfmperf eagerfpu pni pclmulqdq dtes64 monitor ds_cpl vmx est tm2 ssse3 sdbg fma cx16 xtpr pdcm pcid sse4_1 sse4_2 movbe popcnt tsc_deadline_timer aes xsave avx f16c rdrand lahf_lm abm epb tpr_shadow vnmi flexpriority ept vpid fsgsbase tsc_adjust bmi1 avx2 smep bmi2 erms invpcid xsaveopt dtherm ida arat pln pts
bugs		:
bogomips	: 4789.24
clflush size	: 64
cache_alignment	: 64
address sizes	: 39 bits physical, 48 bits virtual
power management:

processor	: 1
vendor_id	: GenuineIntel
cpu family	: 6
model		: 69
model name	: Intel(R) Core(TM) i5-4210U CPU @ 1.70GHz
stepping	: 1
microcode	: 0x1c
cpu MHz		: 2400.000
cache size	: 3072 KB
physical id	: 0
siblings	: 4
core id		: 0
cpu cores	: 2
apicid		: 1
initial apicid	: 1
fpu		: yes
fpu_exception	: yes
cpuid level	: 13
wp		: yes
flags		: fpu vme de pse tsc msr pae mce cx8 apic sep mtrr pge mca cmov pat pse36 clflush dts acpi mmx fxsr sse sse2 ss ht tm pbe syscall nx pdpe1gb rdtscp lm constant_tsc arch_perfmon pebs bts rep_good nopl xtopology nonstop_tsc aperfmperf eagerfpu pni pclmulqdq dtes64 monitor ds_cpl vmx est tm2 ssse3 sdbg fma cx16 xtpr pdcm pcid sse4_1 sse4_2 movbe popcnt tsc_deadline_timer aes xsave avx f16c rdrand lahf_lm abm epb tpr_shadow vnmi flexpriority ept vpid fsgsbase tsc_adjust bmi1 avx2 smep bmi2 erms invpcid xsaveopt dtherm ida arat pln pts
bugs		:
bogomips	: 4789.24
clflush size	: 64
cache_alignment	: 64
address sizes	: 39 bits physical, 48 bits virtual
power management:

processor	: 2
vendor_id	: GenuineIntel
cpu family	: 6
model		: 69
model name	: Intel(R) Core(TM) i5-4210U CPU @ 1.70GHz
stepping	: 1
microcode	: 0x1c
cpu MHz		: 2399.906
cache size	: 3072 KB
physical id	: 0
siblings	: 4
core id		: 1
cpu cores	: 2
apicid		: 2
initial apicid	: 2
fpu		: yes
fpu_exception	: yes
cpuid level	: 13
wp		: yes
flags		: fpu vme de pse tsc msr pae mce cx8 apic sep mtrr pge mca cmov pat pse36 clflush dts acpi mmx fxsr sse sse2 ss ht tm pbe syscall nx pdpe1gb rdtscp lm constant_tsc arch_perfmon pebs bts rep_good nopl xtopology nonstop_tsc aperfmperf eagerfpu pni pclmulqdq dtes64 monitor ds_cpl vmx est tm2 ssse3 sdbg fma cx16 xtpr pdcm pcid sse4_1 sse4_2 movbe popcnt tsc_deadline_timer aes xsave avx f16c rdrand lahf_lm abm epb tpr_shadow vnmi flexpriority ept vpid fsgsbase tsc_adjust bmi1 avx2 smep bmi2 erms invpcid xsaveopt dtherm ida arat pln pts
bugs		:
bogomips	: 4789.24
clflush size	: 64
cache_alignment	: 64
address sizes	: 39 bits physical, 48 bits virtual
power management:

processor	: 3
vendor_id	: GenuineIntel
cpu family	: 6
model		: 69
model name	: Intel(R) Core(TM) i5-4210U CPU @ 1.70GHz
stepping	: 1
microcode	: 0x1c
cpu MHz		: 2400.000
cache size	: 3072 KB
physical id	: 0
siblings	: 4
core id		: 1
cpu cores	: 2
apicid		: 3
initial apicid	: 3
fpu		: yes
fpu_exception	: yes
cpuid level	: 13
wp		: yes
flags		: fpu vme de pse tsc msr pae mce cx8 apic sep mtrr pge mca cmov pat pse36 clflush dts acpi mmx fxsr sse sse2 ss ht tm pbe syscall nx pdpe1gb rdtscp lm constant_tsc arch_perfmon pebs bts rep_good nopl xtopology nonstop_tsc aperfmperf eagerfpu pni pclmulqdq dtes64 monitor ds_cpl vmx est tm2 ssse3 sdbg fma cx16 xtpr pdcm pcid sse4_1 sse4_2 movbe popcnt tsc_deadline_timer aes xsave avx f16c rdrand lahf_lm abm epb tpr_shadow vnmi flexpriority ept vpid fsgsbase tsc_adjust bmi1 avx2 smep bmi2 erms invpcid xsaveopt dtherm ida arat pln pts
bugs		:
bogomips	: 4789.24
clflush size	: 64
cache_alignment	: 64
address sizes	: 39 bits physical, 48 bits virtual
power management:



Memory: 4k page, physical 8068880k(111444k free), swap 4086780k(0k free)

vm_info: OpenJDK 64-Bit Server VM (24.95-b01) for linux-amd64 JRE (1.7.0_95-b00), built on Mar 27 2016 12:52:52 by "buildd" with gcc 5.3.1 20160323

time: Sat Jan 28 23:27:31 2017
elapsed time: 189 seconds

